[17:02:21] [LOG] Please use the following inputs to select the corresponding scene transitions:
[17:02:21] [LOG] .  -> 
[17:02:21] [LOG] .  -> 
[17:02:21] [LOG] .  -> 
[17:02:21] [LOG] .  -> 
[17:02:21] [LOG] .  -> 
[17:03:13] [LOG] Please use the following inputs to select the corresponding scene transitions:
[17:03:13] [LOG] .  -> 
[17:03:13] [LOG] .  -> 
[17:03:13] [LOG] .  -> 
[17:03:13] [LOG] .  -> 
[17:03:13] [LOG] .  -> 
[17:04:04] [LOG] Please use the following inputs to select the corresponding scene transitions:
[17:04:04] [LOG] .  -> O-ToSceneRed
[17:04:04] [LOG] .  -> O-ToSceneYellow
[17:04:04] [LOG] .  -> O-ToSceneGreen
[17:04:04] [LOG] .  -> O-ToSceneCyan
[17:04:04] [LOG] .  -> O-ToSceneBlue
[17:06:45] [LOG] Please use the following inputs to select the corresponding scene transitions:
[17:06:45] [LOG] .  -> O-ToSceneRed
[17:06:45] [LOG] .  -> O-ToSceneYellow
[17:06:45] [LOG] .  -> O-ToSceneGreen
[17:06:45] [LOG] .  -> O-ToSceneCyan
[17:06:45] [LOG] .  -> O-ToSceneBlue
[17:09:29] [LOG] Please use the following inputs to select the corresponding scene transitions:
[17:09:29] [LOG] . KEY_1 -> O-ToSceneRed
[17:09:29] [LOG] . KEY_2 -> O-ToSceneYellow
[17:09:29] [LOG] . KEY_3 -> O-ToSceneGreen
[17:09:29] [LOG] . KEY_4 -> O-ToSceneCyan
[17:09:29] [LOG] . KEY_5 -> O-ToSceneBlue
[17:10:21] [LOG] Please use the following inputs to select the corresponding scene transitions:
[17:10:21] [LOG] . KEY_1 -> O-ToSceneRed
[17:10:21] [LOG] . KEY_2 -> O-ToSceneYellow
[17:10:21] [LOG] . KEY_3 -> O-ToSceneGreen
[17:10:21] [LOG] . KEY_4 -> O-ToSceneCyan
[17:10:21] [LOG] . KEY_5 -> O-ToSceneBlue
[17:10:35] [LOG] Please use the following inputs to select the corresponding scene transitions:
[17:10:35] [LOG] . KEY_1 -> O-ToSceneRed
[17:10:35] [LOG] . KEY_2 -> O-ToSceneYellow
[17:10:35] [LOG] . KEY_3 -> O-ToSceneGreen
[17:10:35] [LOG] . KEY_4 -> O-ToSceneCyan
[17:10:35] [LOG] . KEY_5 -> O-ToSceneBlue
[17:15:48] [LOG] Please use the following inputs to select the corresponding scene transitions:
[17:15:48] [LOG] . KEY_1 -> O-ToSceneRed
[17:15:48] [LOG] . KEY_2 -> O-ToSceneYellow
[17:15:48] [LOG] . KEY_3 -> O-ToSceneGreen
[17:15:48] [LOG] . KEY_4 -> O-ToSceneCyan
[17:15:48] [LOG] . KEY_5 -> O-ToSceneBlue
[17:19:35] [LOG] Please use the following inputs to select the corresponding scene transitions:
[17:19:35] [LOG] . KEY_1 -> O-ToSceneRed
[17:19:35] [LOG] . KEY_2 -> O-ToSceneYellow
[17:19:35] [LOG] . KEY_3 -> O-ToSceneGreen
[17:19:35] [LOG] . KEY_4 -> O-ToSceneCyan
[17:19:35] [LOG] . KEY_5 -> O-ToSceneBlue
[17:20:33] [LOG] Please use the following inputs to select the corresponding scene transitions:
[17:20:33] [LOG] . KEY_1 -> O-ToSceneRed
[17:20:33] [LOG] . KEY_2 -> O-ToSceneYellow
[17:20:33] [LOG] . KEY_3 -> O-ToSceneGreen
[17:20:33] [LOG] . KEY_4 -> O-ToSceneCyan
[17:20:33] [LOG] . KEY_5 -> O-ToSceneBlue
[17:21:16] [LOG] Please use the following inputs to select the corresponding scene transitions:
[17:21:16] [LOG] . KEY_1 -> O-ToSceneRed
[17:21:16] [LOG] . KEY_2 -> O-ToSceneYellow
[17:21:16] [LOG] . KEY_3 -> O-ToSceneGreen
[17:21:16] [LOG] . KEY_4 -> O-ToSceneCyan
[17:21:16] [LOG] . KEY_5 -> O-ToSceneBlue
[11:54:57] [LOG] Please use the following inputs to select the corresponding scene transitions:
[11:54:57] [LOG] .  -> O-ToScenePilotSelect
[11:54:57] [LOG] . KEY_2 -> O-ToSceneYellow
[11:54:57] [LOG] . KEY_3 -> O-ToSceneGreen
[11:54:57] [LOG] . KEY_4 -> O-ToSceneCyan
[11:54:57] [LOG] . KEY_5 -> O-ToSceneBlue
[11:55:28] [LOG] Please use the following inputs to select the corresponding scene transitions:
[11:55:28] [LOG] . KEY_1 -> O-ToScenePilotSelect
[11:55:28] [LOG] . KEY_2 -> O-ToSceneYellow
[11:55:28] [LOG] . KEY_3 -> O-ToSceneGreen
[11:55:28] [LOG] . KEY_4 -> O-ToSceneCyan
[11:55:28] [LOG] . KEY_5 -> O-ToSceneBlue
[11:56:56] [LOG] Please use the following inputs to select the corresponding scene transitions:
[11:56:56] [LOG] . KEY_2 -> O-ToScenePilotSelect
[11:56:56] [LOG] . KEY_1 -> O-ToSceneYellow
[11:56:56] [LOG] . KEY_3 -> O-ToSceneGreen
[11:56:56] [LOG] . KEY_4 -> O-ToSceneCyan
[11:56:56] [LOG] . KEY_5 -> O-ToSceneBlue
[11:59:20] [LOG] Please use the following inputs to select the corresponding scene transitions:
[11:59:20] [LOG] . KEY_1 -> O-ToScenePilotSelect
[11:59:20] [LOG] . KEY_2 -> O-ToSceneYellow
[11:59:20] [LOG] . KEY_3 -> O-ToSceneGreen
[11:59:20] [LOG] . KEY_4 -> O-ToSceneCyan
[11:59:20] [LOG] . KEY_5 -> O-ToSceneBlue
[12:20:36] [LOG] Please use the following inputs to select the corresponding scene transitions:
[12:20:36] [LOG] . KEY_1 -> O-ToScenePilotSelect
[12:20:36] [LOG] . KEY_2 -> O-ToSceneYellow
[12:20:36] [LOG] . KEY_3 -> O-ToSceneGreen
[12:20:36] [LOG] . KEY_4 -> O-ToSceneCyan
[12:20:36] [LOG] . KEY_5 -> O-ToSceneBlue
[12:22:03] [LOG] Please use the following inputs to select the corresponding scene transitions:
[12:22:03] [LOG] . KEY_1 -> O-ToScenePilotSelect
[12:22:03] [LOG] . KEY_2 -> O-ToSceneYellow
[12:22:03] [LOG] . KEY_3 -> O-ToSceneGreen
[12:22:03] [LOG] . KEY_4 -> O-ToSceneCyan
[12:22:03] [LOG] . KEY_5 -> O-ToSceneBlue
[12:22:15] [LOG] Please use the following inputs to select the corresponding scene transitions:
[12:22:15] [LOG] . KEY_1 -> O-ToScenePilotSelect
[12:22:15] [LOG] . KEY_2 -> O-ToSceneYellow
[12:22:15] [LOG] . KEY_3 -> O-ToSceneGreen
[12:22:15] [LOG] . KEY_4 -> O-ToSceneCyan
[12:22:15] [LOG] . KEY_5 -> O-ToSceneBlue
[12:24:02] [LOG] Please use the following inputs to select the corresponding scene transitions:
[12:24:02] [LOG] . KEY_1 -> O-ToScenePilotSelect
[12:24:02] [LOG] . KEY_2 -> O-ToSceneYellow
[12:24:02] [LOG] . KEY_3 -> O-ToSceneGreen
[12:24:02] [LOG] . KEY_4 -> O-ToSceneCyan
[12:24:02] [LOG] . KEY_5 -> O-ToSceneBlue
[12:26:13] [LOG] Please use the following inputs to select the corresponding scene transitions:
[12:26:13] [LOG] . KEY_1 -> O-ToScenePilotSelect
[12:26:13] [LOG] . KEY_2 -> O-ToSceneYellow
[12:26:13] [LOG] . KEY_3 -> O-ToSceneGreen
[12:26:13] [LOG] . KEY_4 -> O-ToSceneCyan
[12:26:13] [LOG] . KEY_5 -> O-ToSceneBlue
[12:26:44] [LOG] Please use the following inputs to select the corresponding scene transitions:
[12:26:44] [LOG] . KEY_1 -> O-ToScenePilotSelect
[12:26:44] [LOG] . KEY_2 -> O-ToSceneYellow
[12:26:44] [LOG] . KEY_3 -> O-ToSceneGreen
[12:26:44] [LOG] . KEY_4 -> O-ToSceneCyan
[12:26:44] [LOG] . KEY_5 -> O-ToSceneBlue
[12:26:52] [LOG] Please use the following inputs to select the corresponding scene transitions:
[12:26:52] [LOG] . KEY_1 -> O-ToScenePilotSelect
[12:26:52] [LOG] . KEY_2 -> O-ToSceneYellow
[12:26:52] [LOG] . KEY_3 -> O-ToSceneGreen
[12:26:52] [LOG] . KEY_4 -> O-ToSceneCyan
[12:26:52] [LOG] . KEY_5 -> O-ToSceneBlue
[12:29:12] [LOG] Please use the following inputs to select the corresponding scene transitions:
[12:29:12] [LOG] . KEY_1 -> O-ToScenePilotSelect
[12:29:12] [LOG] . KEY_2 -> O-ToSceneYellow
[12:29:12] [LOG] . KEY_3 -> O-ToSceneGreen
[12:29:12] [LOG] . KEY_4 -> O-ToSceneCyan
[12:29:12] [LOG] . KEY_5 -> O-ToSceneBlue
[12:32:34] [LOG] Please use the following inputs to select the corresponding scene transitions:
[12:32:34] [LOG] . KEY_1 -> O-ToScenePilotSelect
[12:32:34] [LOG] . KEY_2 -> O-ToSceneYellow
[12:32:34] [LOG] . KEY_3 -> O-ToSceneGreen
[12:32:34] [LOG] . KEY_4 -> O-ToSceneCyan
[12:32:34] [LOG] . KEY_5 -> O-ToSceneBlue
[12:38:18] [LOG] Please use the following inputs to select the corresponding scene transitions:
[12:38:18] [LOG] . KEY_1 -> O-ToScenePilotSelect
[12:38:18] [LOG] . KEY_2 -> O-ToSceneYellow
[12:38:18] [LOG] . KEY_3 -> O-ToSceneGreen
[12:38:18] [LOG] . KEY_4 -> O-ToSceneCyan
[12:38:18] [LOG] . KEY_5 -> O-ToSceneBlue
[12:38:47] [LOG] Please use the following inputs to select the corresponding scene transitions:
[12:38:47] [LOG] . KEY_1 -> O-ToScenePilotSelect
[12:38:47] [LOG] . KEY_2 -> O-ToSceneYellow
[12:38:47] [LOG] . KEY_3 -> O-ToSceneGreen
[12:38:47] [LOG] . KEY_4 -> O-ToSceneCyan
[12:38:47] [LOG] . KEY_5 -> O-ToSceneBlue
[12:41:14] [LOG] Please use the following inputs to select the corresponding scene transitions:
[12:41:14] [LOG] . KEY_1 -> O-ToScenePilotSelect
[12:41:14] [LOG] . KEY_2 -> O-ToSceneYellow
[12:41:14] [LOG] . KEY_3 -> O-ToSceneGreen
[12:41:14] [LOG] . KEY_4 -> O-ToSceneCyan
[12:41:14] [LOG] . KEY_5 -> O-ToSceneBlue
[12:48:36] [LOG] Please use the following inputs to select the corresponding scene transitions:
[12:48:36] [LOG] . KEY_1 -> O-ToScenePilotSelect
[12:48:36] [LOG] . KEY_2 -> O-ToSceneYellow
[12:48:36] [LOG] . KEY_3 -> O-ToSceneGreen
[12:48:36] [LOG] . KEY_4 -> O-ToSceneCyan
[12:48:36] [LOG] . KEY_5 -> O-ToSceneBlue
[12:53:32] [LOG] Please use the following inputs to select the corresponding scene transitions:
[12:53:32] [LOG] . KEY_1 -> O-ToScenePilotSelect
[12:53:32] [LOG] . KEY_2 -> O-ToSceneYellow
[12:53:32] [LOG] . KEY_3 -> O-ToSceneGreen
[12:53:32] [LOG] . KEY_4 -> O-ToSceneCyan
[12:53:32] [LOG] . KEY_5 -> O-ToSceneBlue
[12:55:12] [LOG] Please use the following inputs to select the corresponding scene transitions:
[12:55:12] [LOG] . KEY_1 -> O-ToScenePilotSelect
[12:55:12] [LOG] . KEY_2 -> O-ToSceneYellow
[12:55:12] [LOG] . KEY_3 -> O-ToSceneGreen
[12:55:12] [LOG] . KEY_4 -> O-ToSceneCyan
[12:55:12] [LOG] . KEY_5 -> O-ToSceneBlue
[12:55:52] [LOG] Please use the following inputs to select the corresponding scene transitions:
[12:55:52] [LOG] . KEY_1 -> O-ToScenePilotSelect
[12:55:52] [LOG] . KEY_2 -> O-ToSceneYellow
[12:55:52] [LOG] . KEY_3 -> O-ToSceneGreen
[12:55:52] [LOG] . KEY_4 -> O-ToSceneCyan
[12:55:52] [LOG] . KEY_5 -> O-ToSceneBlue
[12:56:19] [LOG] Please use the following inputs to select the corresponding scene transitions:
[12:56:19] [LOG] . KEY_1 -> O-ToScenePilotSelect
[12:56:19] [LOG] . KEY_2 -> O-ToSceneYellow
[12:56:19] [LOG] . KEY_3 -> O-ToSceneGreen
[12:56:19] [LOG] . KEY_4 -> O-ToSceneCyan
[12:56:19] [LOG] . KEY_5 -> O-ToSceneBlue
[12:57:00] [LOG] Please use the following inputs to select the corresponding scene transitions:
[12:57:00] [LOG] . KEY_1 -> O-ToScenePilotSelect
[12:57:00] [LOG] . KEY_2 -> O-ToSceneYellow
[12:57:00] [LOG] . KEY_3 -> O-ToSceneGreen
[12:57:00] [LOG] . KEY_4 -> O-ToSceneCyan
[12:57:00] [LOG] . KEY_5 -> O-ToSceneBlue
[13:01:39] [LOG] Please use the following inputs to select the corresponding scene transitions:
[13:01:39] [LOG] . KEY_1 -> O-ToScenePilotSelect
[13:01:39] [LOG] . KEY_2 -> O-ToSceneYellow
[13:01:39] [LOG] . KEY_3 -> O-ToSceneGreen
[13:01:39] [LOG] . KEY_4 -> O-ToSceneCyan
[13:01:39] [LOG] . KEY_5 -> O-ToSceneBlue
[13:07:00] [LOG] Please use the following inputs to select the corresponding scene transitions:
[13:07:00] [LOG] . KEY_1 -> O-ToScenePilotSelect
[13:07:00] [LOG] . KEY_2 -> O-ToSceneYellow
[13:07:00] [LOG] . KEY_3 -> O-ToSceneGreen
[13:07:00] [LOG] . KEY_4 -> O-ToSceneCyan
[13:07:00] [LOG] . KEY_5 -> O-ToSceneBlue
[13:07:34] [LOG] Please use the following inputs to select the corresponding scene transitions:
[13:07:34] [LOG] . KEY_1 -> O-ToScenePilotSelect
[13:07:34] [LOG] . KEY_2 -> O-ToSceneYellow
[13:07:34] [LOG] . KEY_3 -> O-ToSceneGreen
[13:07:34] [LOG] . KEY_4 -> O-ToSceneCyan
[13:07:34] [LOG] . KEY_5 -> O-ToSceneBlue
[13:08:39] [LOG] Please use the following inputs to select the corresponding scene transitions:
[13:08:39] [LOG] . KEY_1 -> O-ToScenePilotSelect
[13:08:39] [LOG] . KEY_2 -> O-ToSceneYellow
[13:08:39] [LOG] . KEY_3 -> O-ToSceneGreen
[13:08:39] [LOG] . KEY_4 -> O-ToSceneCyan
[13:08:39] [LOG] . KEY_5 -> O-ToSceneBlue
[13:09:28] [LOG] Please use the following inputs to select the corresponding scene transitions:
[13:09:28] [LOG] . KEY_1 -> O-ToScenePilotSelect
[13:09:28] [LOG] . KEY_2 -> O-ToSceneYellow
[13:09:28] [LOG] . KEY_3 -> O-ToSceneGreen
[13:09:28] [LOG] . KEY_4 -> O-ToSceneCyan
[13:09:28] [LOG] . KEY_5 -> O-ToSceneBlue
[13:09:51] [LOG] Please use the following inputs to select the corresponding scene transitions:
[13:09:51] [LOG] . KEY_1 -> O-ToScenePilotSelect
[13:09:51] [LOG] . KEY_2 -> O-ToSceneYellow
[13:09:51] [LOG] . KEY_3 -> O-ToSceneGreen
[13:09:51] [LOG] . KEY_4 -> O-ToSceneCyan
[13:09:51] [LOG] . KEY_5 -> O-ToSceneBlue
[13:10:08] [LOG] Please use the following inputs to select the corresponding scene transitions:
[13:10:08] [LOG] . KEY_1 -> O-ToScenePilotSelect
[13:10:08] [LOG] . KEY_2 -> O-ToSceneYellow
[13:10:09] [LOG] . KEY_3 -> O-ToSceneGreen
[13:10:09] [LOG] . KEY_4 -> O-ToSceneCyan
[13:10:09] [LOG] . KEY_5 -> O-ToSceneBlue
[13:11:52] [LOG] Please use the following inputs to select the corresponding scene transitions:
[13:11:52] [LOG] . KEY_1 -> O-ToScenePilotSelect
[13:11:52] [LOG] . KEY_2 -> O-ToSceneYellow
[13:11:52] [LOG] . KEY_3 -> O-ToSceneGreen
[13:11:52] [LOG] . KEY_4 -> O-ToSceneCyan
[13:11:52] [LOG] . KEY_5 -> O-ToSceneBlue
[13:13:42] [LOG] Please use the following inputs to select the corresponding scene transitions:
[13:13:42] [LOG] . KEY_1 -> O-ToScenePilotSelect
[13:13:42] [LOG] . KEY_2 -> O-ToSceneYellow
[13:13:42] [LOG] . KEY_3 -> O-ToSceneGreen
[13:13:42] [LOG] . KEY_4 -> O-ToSceneCyan
[13:13:42] [LOG] . KEY_5 -> O-ToSceneBlue
[13:18:06] [LOG] Please use the following inputs to select the corresponding scene transitions:
[13:18:06] [LOG] . KEY_1 -> O-ToScenePilotSelect
[13:18:06] [LOG] . KEY_2 -> O-ToSceneYellow
[13:18:06] [LOG] . KEY_3 -> O-ToSceneGreen
[13:18:06] [LOG] . KEY_4 -> O-ToSceneCyan
[13:18:06] [LOG] . KEY_5 -> O-ToSceneBlue
[13:20:07] [LOG] Please use the following inputs to select the corresponding scene transitions:
[13:20:07] [LOG] . KEY_1 -> O-ToScenePilotSelect
[13:20:07] [LOG] . KEY_2 -> O-ToSceneYellow
[13:20:07] [LOG] . KEY_3 -> O-ToSceneGreen
[13:20:07] [LOG] . KEY_4 -> O-ToSceneCyan
[13:20:07] [LOG] . KEY_5 -> O-ToSceneBlue
[13:22:13] [LOG] Please use the following inputs to select the corresponding scene transitions:
[13:22:13] [LOG] . KEY_1 -> O-ToScenePilotSelect
[13:22:13] [LOG] . KEY_2 -> O-ToSceneYellow
[13:22:13] [LOG] . KEY_3 -> O-ToSceneGreen
[13:22:13] [LOG] . KEY_4 -> O-ToSceneCyan
[13:22:13] [LOG] . KEY_5 -> O-ToSceneBlue
[13:22:28] [LOG] Please use the following inputs to select the corresponding scene transitions:
[13:22:28] [LOG] . KEY_1 -> O-ToScenePilotSelect
[13:22:28] [LOG] . KEY_2 -> O-ToSceneYellow
[13:22:28] [LOG] . KEY_3 -> O-ToSceneGreen
[13:22:28] [LOG] . KEY_4 -> O-ToSceneCyan
[13:22:28] [LOG] . KEY_5 -> O-ToSceneBlue
[13:32:34] [LOG] Please use the following inputs to select the corresponding scene transitions:
[13:32:34] [LOG] . KEY_1 -> O-ToScenePilotSelect
[13:32:34] [LOG] . KEY_2 -> O-ToSceneYellow
[13:32:34] [LOG] . KEY_3 -> O-ToSceneGreen
[13:32:34] [LOG] . KEY_4 -> O-ToSceneCyan
[13:32:34] [LOG] . KEY_5 -> O-ToSceneBlue
[13:33:01] [LOG] Please use the following inputs to select the corresponding scene transitions:
[13:33:01] [LOG] . KEY_1 -> O-ToScenePilotSelect
[13:33:01] [LOG] . KEY_2 -> O-ToSceneYellow
[13:33:01] [LOG] . KEY_3 -> O-ToSceneGreen
[13:33:01] [LOG] . KEY_4 -> O-ToSceneCyan
[13:33:01] [LOG] . KEY_5 -> O-ToSceneBlue
[13:43:25] [LOG] Please use the following inputs to select the corresponding scene transitions:
[13:43:25] [LOG] . KEY_1 -> O-ToScenePilotSelect
[13:43:25] [LOG] . KEY_2 -> O-ToSceneYellow
[13:43:25] [LOG] . KEY_3 -> O-ToSceneGreen
[13:43:25] [LOG] . KEY_4 -> O-ToSceneCyan
[13:43:25] [LOG] . KEY_5 -> O-ToSceneBlue
[13:43:44] [LOG] Please use the following inputs to select the corresponding scene transitions:
[13:43:44] [LOG] . KEY_1 -> O-ToScenePilotSelect
[13:43:44] [LOG] . KEY_2 -> O-ToSceneYellow
[13:43:44] [LOG] . KEY_3 -> O-ToSceneGreen
[13:43:44] [LOG] . KEY_4 -> O-ToSceneCyan
[13:43:44] [LOG] . KEY_5 -> O-ToSceneBlue
[13:44:21] [LOG] Please use the following inputs to select the corresponding scene transitions:
[13:44:21] [LOG] . KEY_1 -> O-ToScenePilotSelect
[13:44:21] [LOG] . KEY_2 -> O-ToSceneYellow
[13:44:21] [LOG] . KEY_3 -> O-ToSceneGreen
[13:44:21] [LOG] . KEY_4 -> O-ToSceneCyan
[13:44:21] [LOG] . KEY_5 -> O-ToSceneBlue
[13:45:10] [LOG] Please use the following inputs to select the corresponding scene transitions:
[13:45:10] [LOG] . KEY_1 -> O-ToScenePilotSelect
[13:45:10] [LOG] . KEY_2 -> O-ToSceneYellow
[13:45:10] [LOG] . KEY_3 -> O-ToSceneGreen
[13:45:11] [LOG] . KEY_4 -> O-ToSceneCyan
[13:45:11] [LOG] . KEY_5 -> O-ToSceneBlue
[13:50:19] [LOG] Please use the following inputs to select the corresponding scene transitions:
[13:50:19] [LOG] . KEY_1 -> O-ToScenePilotSelect
[13:50:19] [LOG] . KEY_2 -> O-ToSceneYellow
[13:50:19] [LOG] . KEY_3 -> O-ToSceneGreen
[13:50:19] [LOG] . KEY_4 -> O-ToSceneCyan
[13:50:19] [LOG] . KEY_5 -> O-ToSceneBlue
[13:50:38] [LOG] Please use the following inputs to select the corresponding scene transitions:
[13:50:38] [LOG] . KEY_1 -> O-ToScenePilotSelect
[13:50:38] [LOG] . KEY_2 -> O-ToSceneYellow
[13:50:38] [LOG] . KEY_3 -> O-ToSceneGreen
[13:50:38] [LOG] . KEY_4 -> O-ToSceneCyan
[13:50:38] [LOG] . KEY_5 -> O-ToSceneBlue
[13:50:51] [LOG] Please use the following inputs to select the corresponding scene transitions:
[13:50:51] [LOG] . KEY_1 -> O-ToScenePilotSelect
[13:50:51] [LOG] . KEY_2 -> O-ToSceneYellow
[13:50:51] [LOG] . KEY_3 -> O-ToSceneGreen
[13:50:51] [LOG] . KEY_4 -> O-ToSceneCyan
[13:50:51] [LOG] . KEY_5 -> O-ToSceneBlue
[14:01:40] [LOG] Please use the following inputs to select the corresponding scene transitions:
[14:01:40] [LOG] . KEY_1 -> O-ToScenePilotSelect
[14:01:40] [LOG] . KEY_2 -> O-ToSceneYellow
[14:01:40] [LOG] . KEY_3 -> O-ToSceneGreen
[14:01:40] [LOG] . KEY_4 -> O-ToSceneCyan
[14:01:40] [LOG] . KEY_5 -> O-ToSceneBlue
[14:01:51] [LOG] Please use the following inputs to select the corresponding scene transitions:
[14:01:51] [LOG] . KEY_1 -> O-ToScenePilotSelect
[14:01:51] [LOG] . KEY_2 -> O-ToSceneYellow
[14:01:51] [LOG] . KEY_3 -> O-ToSceneGreen
[14:01:51] [LOG] . KEY_4 -> O-ToSceneCyan
[14:01:51] [LOG] . KEY_5 -> O-ToSceneBlue
[14:02:26] [LOG] Please use the following inputs to select the corresponding scene transitions:
[14:02:26] [LOG] . KEY_1 -> O-ToScenePilotSelect
[14:02:26] [LOG] . KEY_2 -> O-ToSceneYellow
[14:02:26] [LOG] . KEY_3 -> O-ToSceneGreen
[14:02:26] [LOG] . KEY_4 -> O-ToSceneCyan
[14:02:26] [LOG] . KEY_5 -> O-ToSceneBlue
[14:03:02] [LOG] Please use the following inputs to select the corresponding scene transitions:
[14:03:02] [LOG] . KEY_1 -> O-ToScenePilotSelect
[14:03:02] [LOG] . KEY_2 -> O-ToSceneYellow
[14:03:02] [LOG] . KEY_3 -> O-ToSceneGreen
[14:03:02] [LOG] . KEY_4 -> O-ToSceneCyan
[14:03:02] [LOG] . KEY_5 -> O-ToSceneBlue
[14:03:37] [LOG] Please use the following inputs to select the corresponding scene transitions:
[14:03:37] [LOG] . KEY_1 -> O-ToScenePilotSelect
[14:03:37] [LOG] . KEY_2 -> O-ToSceneYellow
[14:03:37] [LOG] . KEY_3 -> O-ToSceneGreen
[14:03:37] [LOG] . KEY_4 -> O-ToSceneCyan
[14:03:37] [LOG] . KEY_5 -> O-ToSceneBlue
[14:03:54] [LOG] Please use the following inputs to select the corresponding scene transitions:
[14:03:54] [LOG] . KEY_1 -> O-ToScenePilotSelect
[14:03:54] [LOG] . KEY_2 -> O-ToSceneYellow
[14:03:54] [LOG] . KEY_3 -> O-ToSceneGreen
[14:03:54] [LOG] . KEY_4 -> O-ToSceneCyan
[14:03:54] [LOG] . KEY_5 -> O-ToSceneBlue
[14:08:24] [LOG] Please use the following inputs to select the corresponding scene transitions:
[14:08:24] [LOG] . KEY_1 -> O-ToScenePilotSelect
[14:08:24] [LOG] . KEY_2 -> O-ToSceneYellow
[14:08:24] [LOG] . KEY_3 -> O-ToSceneGreen
[14:08:24] [LOG] . KEY_4 -> O-ToSceneCyan
[14:12:47] [LOG] Please use the following inputs to select the corresponding scene transitions:
[14:12:47] [LOG] . KEY_1 -> O-ToScenePilotSelect
[14:12:47] [LOG] . KEY_2 -> O-ToSceneYellow
[14:12:47] [LOG] . KEY_3 -> O-ToSceneGreen
[14:12:47] [LOG] . KEY_4 -> O-ToSceneCyan
[14:12:47] [LOG] . KEY_5 -> O-ToSceneBlue
[14:13:02] [LOG] Please use the following inputs to select the corresponding scene transitions:
[14:13:02] [LOG] . KEY_1 -> O-ToScenePilotSelect
[14:13:02] [LOG] . KEY_2 -> O-ToSceneYellow
[14:13:02] [LOG] . KEY_3 -> O-ToSceneGreen
[14:13:02] [LOG] . KEY_4 -> O-ToSceneCyan
[14:13:02] [LOG] . KEY_5 -> O-ToSceneBlue
[14:14:45] [LOG] Please use the following inputs to select the corresponding scene transitions:
[14:14:45] [LOG] . KEY_1 -> O-ToScenePilotSelect
[14:14:45] [LOG] . KEY_2 -> O-ToSceneYellow
[14:14:45] [LOG] . KEY_3 -> O-ToSceneGreen
[14:14:45] [LOG] . KEY_4 -> O-ToSceneCyan
[14:14:45] [LOG] . KEY_5 -> O-ToSceneBlue
[14:15:55] [LOG] Please use the following inputs to select the corresponding scene transitions:
[14:15:55] [LOG] . KEY_1 -> O-ToScenePilotSelect
[14:15:55] [LOG] . KEY_2 -> O-ToSceneYellow
[14:15:55] [LOG] . KEY_3 -> O-ToSceneGreen
[14:15:55] [LOG] . KEY_4 -> O-ToSceneCyan
[14:15:55] [LOG] . KEY_5 -> O-ToSceneBlue
[14:20:26] [LOG] Please use the following inputs to select the corresponding scene transitions:
[14:20:26] [LOG] . KEY_1 -> O-ToScenePilotSelect
[14:20:26] [LOG] . KEY_2 -> O-ToSceneYellow
[14:20:26] [LOG] . KEY_3 -> O-ToSceneGreen
[14:20:26] [LOG] . KEY_4 -> O-ToSceneCyan
[14:20:26] [LOG] . KEY_5 -> O-ToSceneBlue
[14:42:51] [LOG] Please use the following inputs to select the corresponding scene transitions:
[14:42:52] [LOG] . KEY_1 -> O-ToScenePilotSelect
[14:42:52] [LOG] . KEY_2 -> O-ToSceneYellow
[14:42:52] [LOG] . KEY_3 -> O-ToSceneGreen
[14:42:52] [LOG] . KEY_4 -> O-ToSceneCyan
[14:42:52] [LOG] . KEY_5 -> O-ToSceneBlue
[14:43:25] [LOG] Please use the following inputs to select the corresponding scene transitions:
[14:43:25] [LOG] . KEY_1 -> O-ToScenePilotSelect
[14:43:25] [LOG] . KEY_2 -> O-ToSceneYellow
[14:43:25] [LOG] . KEY_3 -> O-ToSceneGreen
[14:43:25] [LOG] . KEY_4 -> O-ToSceneCyan
[14:43:25] [LOG] . KEY_5 -> O-ToSceneBlue
[14:57:29] [LOG] Please use the following inputs to select the corresponding scene transitions:
[14:57:29] [LOG] . KEY_1 -> O-ToScenePilotSelect
[14:57:29] [LOG] . KEY_2 -> O-ToSceneYellow
[14:57:29] [LOG] . KEY_3 -> O-ToSceneGreen
[14:57:29] [LOG] . KEY_4 -> O-ToSceneCyan
[14:57:29] [LOG] . KEY_5 -> O-ToSceneBlue
[15:13:47] [LOG] Please use the following inputs to select the corresponding scene transitions:
[15:13:47] [LOG] . KEY_1 -> O-ToScenePilotSelect
[15:13:47] [LOG] . KEY_2 -> O-ToSceneYellow
[15:13:47] [LOG] . KEY_3 -> O-ToSceneGreen
[15:13:47] [LOG] . KEY_4 -> O-ToSceneCyan
[15:13:47] [LOG] . KEY_5 -> O-ToSceneBlue
[15:21:26] [LOG] Please use the following inputs to select the corresponding scene transitions:
[15:21:26] [LOG] . KEY_1 -> O-ToScenePilotSelect
[15:21:26] [LOG] . KEY_2 -> O-ToSceneYellow
[15:21:26] [LOG] . KEY_3 -> O-ToSceneGreen
[15:21:26] [LOG] . KEY_4 -> O-ToSceneCyan
[15:21:26] [LOG] . KEY_5 -> O-ToSceneBlue
[15:21:38] [LOG] Please use the following inputs to select the corresponding scene transitions:
[15:21:38] [LOG] . KEY_1 -> O-ToScenePilotSelect
[15:21:38] [LOG] . KEY_2 -> O-ToSceneYellow
[15:21:38] [LOG] . KEY_3 -> O-ToSceneGreen
[15:21:38] [LOG] . KEY_4 -> O-ToSceneCyan
[15:21:38] [LOG] . KEY_5 -> O-ToSceneBlue
[15:23:55] [LOG] Please use the following inputs to select the corresponding scene transitions:
[15:23:55] [LOG] . KEY_1 -> O-ToScenePilotSelect
[15:23:55] [LOG] . KEY_2 -> O-ToSceneYellow
[15:23:55] [LOG] . KEY_3 -> O-ToSceneGreen
[15:23:55] [LOG] . KEY_4 -> O-ToSceneCyan
[15:23:55] [LOG] . KEY_5 -> O-ToSceneBlue
[15:36:23] [LOG] Please use the following inputs to select the corresponding scene transitions:
[15:36:23] [LOG] . KEY_1 -> O-ToSceneMain
[15:36:23] [LOG] . KEY_2 -> O-ToScenePilotSelect
[15:36:23] [LOG] . KEY_3 -> O-ToSceneArena
[15:36:23] [LOG] . KEY_4 -> O-ToSceneCyan
[15:36:23] [LOG] . KEY_5 -> O-ToSceneBlue
[15:39:33] [LOG] Please use the following inputs to select the corresponding scene transitions:
[15:39:33] [LOG] . KEY_1 -> O-ToSceneMain
[15:39:33] [LOG] . KEY_2 -> O-ToScenePilotSelect
[15:39:33] [LOG] . KEY_3 -> O-ToSceneArena
[15:39:33] [LOG] . KEY_4 -> O-ToSceneCyan
[15:39:33] [LOG] . KEY_5 -> O-ToSceneBlue
[15:42:50] [LOG] Please use the following inputs to select the corresponding scene transitions:
[15:42:50] [LOG] . KEY_1 -> O-ToSceneMain
[15:42:50] [LOG] . KEY_2 -> O-ToScenePilotSelect
[15:42:50] [LOG] . KEY_3 -> O-ToSceneArena
[15:42:50] [LOG] . KEY_4 -> O-ToSceneCyan
[15:42:50] [LOG] . KEY_5 -> O-ToSceneBlue
[15:46:04] [LOG] Please use the following inputs to select the corresponding scene transitions:
[15:46:04] [LOG] . KEY_1 -> O-ToSceneMain
[15:46:04] [LOG] . KEY_2 -> O-ToScenePilotSelect
[15:46:04] [LOG] . KEY_3 -> O-ToSceneArena
[15:46:04] [LOG] . KEY_4 -> O-ToSceneCyan
[15:46:04] [LOG] . KEY_5 -> O-ToSceneBlue
[15:46:53] [LOG] Please use the following inputs to select the corresponding scene transitions:
[15:46:53] [LOG] . KEY_1 -> O-ToSceneMain
[15:46:53] [LOG] . KEY_2 -> O-ToScenePilotSelect
[15:46:53] [LOG] . KEY_3 -> O-ToSceneArena
[15:46:53] [LOG] . KEY_4 -> O-ToSceneCyan
[15:46:53] [LOG] . KEY_5 -> O-ToSceneBlue
[15:49:44] [LOG] Please use the following inputs to select the corresponding scene transitions:
[15:49:44] [LOG] . KEY_1 -> O-ToSceneMain
[15:49:44] [LOG] . KEY_2 -> O-ToScenePilotSelect
[15:49:44] [LOG] . KEY_3 -> O-ToSceneArena
[15:49:44] [LOG] . KEY_4 -> O-ToSceneCyan
[15:49:44] [LOG] . KEY_5 -> O-ToSceneBlue
[15:50:43] [LOG] Please use the following inputs to select the corresponding scene transitions:
[15:50:43] [LOG] . KEY_1 -> O-ToSceneMain
[15:50:43] [LOG] . KEY_2 -> O-ToScenePilotSelect
[15:50:43] [LOG] . KEY_3 -> O-ToSceneArena
[15:50:43] [LOG] . KEY_4 -> O-ToSceneCyan
[15:50:43] [LOG] . KEY_5 -> O-ToSceneBlue
[15:52:11] [LOG] Please use the following inputs to select the corresponding scene transitions:
[15:52:11] [LOG] . KEY_1 -> O-ToSceneMain
[15:52:11] [LOG] . KEY_2 -> O-ToScenePilotSelect
[15:52:11] [LOG] . KEY_3 -> O-ToSceneArena
[15:52:11] [LOG] . KEY_4 -> O-ToSceneCyan
[15:52:11] [LOG] . KEY_5 -> O-ToSceneBlue
[15:52:49] [LOG] Please use the following inputs to select the corresponding scene transitions:
[15:52:49] [LOG] . KEY_1 -> O-ToSceneMain
[15:52:49] [LOG] . KEY_2 -> O-ToScenePilotSelect
[15:52:49] [LOG] . KEY_3 -> O-ToSceneArena
[15:52:49] [LOG] . KEY_4 -> O-ToSceneCyan
[15:52:49] [LOG] . KEY_5 -> O-ToSceneBlue
[15:54:48] [LOG] Please use the following inputs to select the corresponding scene transitions:
[15:54:48] [LOG] . KEY_1 -> O-ToSceneMain
[15:54:48] [LOG] . KEY_2 -> O-ToScenePilotSelect
[15:54:48] [LOG] . KEY_3 -> O-ToSceneArena
[15:54:48] [LOG] . KEY_4 -> O-ToSceneCyan
[15:54:48] [LOG] . KEY_5 -> O-ToSceneBlue
[16:12:06] [LOG] Please use the following inputs to select the corresponding scene transitions:
[16:12:06] [LOG] . KEY_1 -> O-ToSceneMain
[16:12:06] [LOG] . KEY_2 -> O-ToScenePilotSelect
[16:12:06] [LOG] . KEY_3 -> O-ToSceneArena
[16:12:06] [LOG] . KEY_4 -> O-ToSceneCyan
[16:12:06] [LOG] . KEY_5 -> O-ToSceneBlue
[16:14:07] [LOG] Please use the following inputs to select the corresponding scene transitions:
[16:14:07] [LOG] . KEY_1 -> O-ToSceneMain
[16:14:07] [LOG] . KEY_2 -> O-ToScenePilotSelect
[16:14:07] [LOG] . KEY_3 -> O-ToSceneArena
[16:14:07] [LOG] . KEY_4 -> O-ToSceneCyan
[16:14:07] [LOG] . KEY_5 -> O-ToSceneBlue
[16:14:53] [LOG] Please use the following inputs to select the corresponding scene transitions:
[16:14:53] [LOG] . KEY_1 -> O-ToSceneMain
[16:14:53] [LOG] . KEY_2 -> O-ToScenePilotSelect
[16:14:53] [LOG] . KEY_3 -> O-ToSceneArena
[16:14:53] [LOG] . KEY_4 -> O-ToSceneCyan
[16:14:53] [LOG] . KEY_5 -> O-ToSceneBlue
[16:16:21] [LOG] Please use the following inputs to select the corresponding scene transitions:
[16:16:21] [LOG] . KEY_1 -> O-ToSceneMain
[16:16:21] [LOG] . KEY_2 -> O-ToScenePilotSelect
[16:16:21] [LOG] . KEY_3 -> O-ToSceneArena
[16:16:21] [LOG] . KEY_4 -> O-ToSceneCyan
[16:16:21] [LOG] . KEY_5 -> O-ToSceneBlue
[16:17:46] [LOG] Please use the following inputs to select the corresponding scene transitions:
[16:17:46] [LOG] . KEY_1 -> O-ToSceneMain
[16:17:46] [LOG] . KEY_2 -> O-ToScenePilotSelect
[16:17:46] [LOG] . KEY_3 -> O-ToSceneArena
[16:17:46] [LOG] . KEY_4 -> O-ToSceneCyan
[16:17:46] [LOG] . KEY_5 -> O-ToSceneBlue
[16:45:50] [LOG] Please use the following inputs to select the corresponding scene transitions:
[16:45:50] [LOG] . KEY_1 -> O-ToSceneMain
[16:45:50] [LOG] . KEY_2 -> O-ToScenePilotSelect
[16:45:50] [LOG] . KEY_3 -> O-ToSceneArena
[16:45:50] [LOG] . KEY_4 -> O-ToSceneCyan
[16:45:50] [LOG] . KEY_5 -> O-ToSceneBlue
[16:47:14] [LOG] Please use the following inputs to select the corresponding scene transitions:
[16:47:14] [LOG] . KEY_1 -> O-ToSceneMain
[16:47:14] [LOG] . KEY_2 -> O-ToScenePilotSelect
[16:47:14] [LOG] . KEY_3 -> O-ToSceneArena
[16:47:14] [LOG] . KEY_4 -> O-ToSceneCyan
[16:47:14] [LOG] . KEY_5 -> O-ToSceneBlue
[16:48:18] [LOG] Please use the following inputs to select the corresponding scene transitions:
[16:48:18] [LOG] . KEY_1 -> O-ToSceneMain
[16:48:18] [LOG] . KEY_2 -> O-ToScenePilotSelect
[16:48:18] [LOG] . KEY_3 -> O-ToSceneArena
[16:48:18] [LOG] . KEY_4 -> O-ToSceneCyan
[16:48:18] [LOG] . KEY_5 -> O-ToSceneBlue
[16:50:05] [LOG] Please use the following inputs to select the corresponding scene transitions:
[16:50:05] [LOG] . KEY_1 -> O-ToSceneMain
[16:50:05] [LOG] . KEY_2 -> O-ToScenePilotSelect
[16:50:05] [LOG] . KEY_3 -> O-ToSceneArena
[16:50:05] [LOG] . KEY_4 -> O-ToSceneCyan
[16:50:05] [LOG] . KEY_5 -> O-ToSceneBlue
[16:52:44] [LOG] Please use the following inputs to select the corresponding scene transitions:
[16:52:44] [LOG] . KEY_1 -> O-ToSceneMain
[16:52:44] [LOG] . KEY_2 -> O-ToScenePilotSelect
[16:52:44] [LOG] . KEY_3 -> O-ToSceneArena
[16:52:44] [LOG] . KEY_4 -> O-ToSceneCyan
[16:52:44] [LOG] . KEY_5 -> O-ToSceneBlue
[16:56:33] [LOG] Please use the following inputs to select the corresponding scene transitions:
[16:56:33] [LOG] . KEY_1 -> O-ToSceneMain
[16:56:33] [LOG] . KEY_2 -> O-ToScenePilotSelect
[16:56:33] [LOG] . KEY_3 -> O-ToSceneArena
[16:56:33] [LOG] . KEY_4 -> O-ToSceneCyan
[16:56:33] [LOG] . KEY_5 -> O-ToSceneBlue
[16:59:45] [LOG] Please use the following inputs to select the corresponding scene transitions:
[16:59:45] [LOG] . KEY_1 -> O-ToSceneMain
[16:59:45] [LOG] . KEY_2 -> O-ToScenePilotSelect
[16:59:45] [LOG] . KEY_3 -> O-ToSceneArena
[16:59:45] [LOG] . KEY_4 -> O-ToSceneCyan
[16:59:45] [LOG] . KEY_5 -> O-ToSceneBlue
[17:01:35] [LOG] Please use the following inputs to select the corresponding scene transitions:
[17:01:35] [LOG] . KEY_1 -> O-ToSceneMain
[17:01:35] [LOG] . KEY_2 -> O-ToScenePilotSelect
[17:01:35] [LOG] . KEY_3 -> O-ToSceneArena
[17:01:35] [LOG] . KEY_4 -> O-ToSceneCyan
[17:01:35] [LOG] . KEY_5 -> O-ToSceneBlue
[17:02:25] [LOG] Please use the following inputs to select the corresponding scene transitions:
[17:02:25] [LOG] . KEY_1 -> O-ToSceneMain
[17:02:25] [LOG] . KEY_2 -> O-ToScenePilotSelect
[17:02:25] [LOG] . KEY_3 -> O-ToSceneArena
[17:02:25] [LOG] . KEY_4 -> O-ToSceneCyan
[17:02:25] [LOG] . KEY_5 -> O-ToSceneBlue
[17:04:02] [LOG] Please use the following inputs to select the corresponding scene transitions:
[17:04:02] [LOG] . KEY_1 -> O-ToSceneMain
[17:04:02] [LOG] . KEY_2 -> O-ToScenePilotSelect
[17:04:02] [LOG] . KEY_3 -> O-ToSceneArena
[17:04:02] [LOG] . KEY_4 -> O-ToSceneCyan
[17:04:02] [LOG] . KEY_5 -> O-ToSceneBlue
[17:06:13] [LOG] Please use the following inputs to select the corresponding scene transitions:
[17:06:13] [LOG] . KEY_1 -> O-ToSceneMain
[17:06:13] [LOG] . KEY_2 -> O-ToScenePilotSelect
[17:06:13] [LOG] . KEY_3 -> O-ToSceneArena
[17:06:13] [LOG] . KEY_4 -> O-ToSceneCyan
[17:06:13] [LOG] . KEY_5 -> O-ToSceneBlue
[17:07:34] [LOG] Please use the following inputs to select the corresponding scene transitions:
[17:07:34] [LOG] . KEY_1 -> O-ToSceneMain
[17:07:34] [LOG] . KEY_2 -> O-ToScenePilotSelect
[17:07:34] [LOG] . KEY_3 -> O-ToSceneArena
[17:07:34] [LOG] . KEY_4 -> O-ToSceneCyan
[17:07:34] [LOG] . KEY_5 -> O-ToSceneBlue
[17:10:39] [LOG] Please use the following inputs to select the corresponding scene transitions:
[17:10:39] [LOG] . KEY_1 -> O-ToSceneMain
[17:10:39] [LOG] . KEY_2 -> O-ToScenePilotSelect
[17:10:39] [LOG] . KEY_3 -> O-ToSceneArena
[17:10:39] [LOG] . KEY_4 -> O-ToSceneCyan
[17:10:39] [LOG] . KEY_5 -> O-ToSceneBlue
[17:12:08] [LOG] Please use the following inputs to select the corresponding scene transitions:
[17:12:08] [LOG] . KEY_1 -> O-ToSceneMain
[17:12:08] [LOG] . KEY_2 -> O-ToScenePilotSelect
[17:12:08] [LOG] . KEY_3 -> O-ToSceneArena
[17:12:08] [LOG] . KEY_4 -> O-ToSceneCyan
[17:12:08] [LOG] . KEY_5 -> O-ToSceneBlue
[17:28:24] [LOG] Please use the following inputs to select the corresponding scene transitions:
[17:28:24] [LOG] . KEY_1 -> O-ToSceneMain
[17:28:24] [LOG] . KEY_2 -> O-ToScenePilotSelect
[17:28:24] [LOG] . KEY_3 -> O-ToSceneArena
[17:28:24] [LOG] . KEY_4 -> O-ToSceneCyan
[17:28:24] [LOG] . KEY_5 -> O-ToSceneBlue
[17:29:49] [LOG] Please use the following inputs to select the corresponding scene transitions:
[17:29:49] [LOG] . KEY_1 -> O-ToSceneMain
[17:29:49] [LOG] . KEY_2 -> O-ToScenePilotSelect
[17:29:49] [LOG] . KEY_3 -> O-ToSceneArena
[17:29:49] [LOG] . KEY_4 -> O-ToSceneCyan
[17:29:49] [LOG] . KEY_5 -> O-ToSceneBlue
