c:\users\zgcrowno\documents\orxprojects\hexpatriates\build\windows\vs2017\obj\x64\debug\laserteleportable.obj
c:\users\zgcrowno\documents\orxprojects\hexpatriates\build\windows\vs2017\obj\x64\debug\beam.obj
c:\users\zgcrowno\documents\orxprojects\hexpatriates\build\windows\vs2017\obj\x64\debug\lasergate.obj
c:\users\zgcrowno\documents\orxprojects\hexpatriates\build\windows\vs2017\obj\x64\debug\laserwall.obj
c:\users\zgcrowno\documents\orxprojects\hexpatriates\build\windows\vs2017\obj\x64\debug\missile.obj
c:\users\zgcrowno\documents\orxprojects\hexpatriates\build\windows\vs2017\obj\x64\debug\pilot2.obj
c:\users\zgcrowno\documents\orxprojects\hexpatriates\build\windows\vs2017\obj\x64\debug\pilot6.obj
c:\users\zgcrowno\documents\orxprojects\hexpatriates\build\windows\vs2017\obj\x64\debug\scenepilotselect.obj
c:\users\zgcrowno\documents\orxprojects\hexpatriates\build\windows\vs2017\obj\x64\debug\spawner.obj
c:\users\zgcrowno\documents\orxprojects\hexpatriates\build\windows\vs2017\obj\x64\debug\pilot.obj
c:\users\zgcrowno\documents\orxprojects\hexpatriates\build\windows\vs2017\obj\x64\debug\arenabound.obj
c:\users\zgcrowno\documents\orxprojects\hexpatriates\build\windows\vs2017\obj\x64\debug\crosshairs.obj
c:\users\zgcrowno\documents\orxprojects\hexpatriates\build\windows\vs2017\obj\x64\debug\familiar.obj
c:\users\zgcrowno\documents\orxprojects\hexpatriates\build\windows\vs2017\obj\x64\debug\medussahead.obj
c:\users\zgcrowno\documents\orxprojects\hexpatriates\build\windows\vs2017\obj\x64\debug\parryable.obj
c:\users\zgcrowno\documents\orxprojects\hexpatriates\build\windows\vs2017\obj\x64\debug\pilot4.obj
c:\users\zgcrowno\documents\orxprojects\hexpatriates\build\windows\vs2017\obj\x64\debug\pilot8.obj
c:\users\zgcrowno\documents\orxprojects\hexpatriates\build\windows\vs2017\obj\x64\debug\playerspecific.obj
c:\users\zgcrowno\documents\orxprojects\hexpatriates\build\windows\vs2017\obj\x64\debug\spacer.obj
c:\users\zgcrowno\documents\orxprojects\hexpatriates\build\windows\vs2017\obj\x64\debug\orb.obj
c:\users\zgcrowno\documents\orxprojects\hexpatriates\build\windows\vs2017\obj\x64\debug\scrollmod.obj
c:\users\zgcrowno\documents\orxprojects\hexpatriates\build\windows\vs2017\obj\x64\debug\zone.obj
c:\users\zgcrowno\documents\orxprojects\hexpatriates\build\windows\vs2017\obj\x64\debug\scenearena.obj
c:\users\zgcrowno\documents\orxprojects\hexpatriates\build\windows\vs2017\obj\x64\debug\explosion.obj
c:\users\zgcrowno\documents\orxprojects\hexpatriates\build\windows\vs2017\obj\x64\debug\laserheatseeking.obj
c:\users\zgcrowno\documents\orxprojects\hexpatriates\build\windows\vs2017\obj\x64\debug\scenemain.obj
c:\users\zgcrowno\documents\orxprojects\hexpatriates\build\windows\vs2017\obj\x64\debug\missileshield.obj
c:\users\zgcrowno\documents\orxprojects\hexpatriates\build\windows\vs2017\obj\x64\debug\pilot3.obj
c:\users\zgcrowno\documents\orxprojects\hexpatriates\build\windows\vs2017\obj\x64\debug\pilot7.obj
c:\users\zgcrowno\documents\orxprojects\hexpatriates\build\windows\vs2017\obj\x64\debug\scenemenu.obj
c:\users\zgcrowno\documents\orxprojects\hexpatriates\build\windows\vs2017\obj\x64\debug\prism.obj
c:\users\zgcrowno\documents\orxprojects\hexpatriates\build\windows\vs2017\obj\x64\debug\hexpatriates.obj
c:\users\zgcrowno\documents\orxprojects\hexpatriates\build\windows\vs2017\obj\x64\debug\ship.obj
c:\users\zgcrowno\documents\orxprojects\hexpatriates\build\windows\vs2017\obj\x64\debug\arenabounds.obj
c:\users\zgcrowno\documents\orxprojects\hexpatriates\build\windows\vs2017\obj\x64\debug\ember.obj
c:\users\zgcrowno\documents\orxprojects\hexpatriates\build\windows\vs2017\obj\x64\debug\grenade.obj
c:\users\zgcrowno\documents\orxprojects\hexpatriates\build\windows\vs2017\obj\x64\debug\laserportalentrance.obj
c:\users\zgcrowno\documents\orxprojects\hexpatriates\build\windows\vs2017\obj\x64\debug\scene.obj
c:\users\zgcrowno\documents\orxprojects\hexpatriates\build\windows\vs2017\obj\x64\debug\pilot1.obj
c:\users\zgcrowno\documents\orxprojects\hexpatriates\build\windows\vs2017\obj\x64\debug\pilot5.obj
c:\users\zgcrowno\documents\orxprojects\hexpatriates\build\windows\vs2017\obj\x64\debug\scenepause.obj
c:\users\zgcrowno\documents\orxprojects\hexpatriates\build\windows\vs2017\obj\x64\debug\shrapnel.obj
c:\users\zgcrowno\documents\orxprojects\hexpatriates\build\windows\vs2017\obj\x64\debug\laser.obj
c:\users\zgcrowno\documents\orxprojects\hexpatriates\build\windows\vs2017\obj\x64\debug\projectile.obj
c:\users\zgcrowno\documents\orxprojects\hexpatriates\build\windows\vs2017\obj\x64\debug\turret.obj
c:\users\zgcrowno\documents\orxprojects\hexpatriates\build\windows\vs2017\obj\x64\debug\vc141.pdb
c:\users\zgcrowno\documents\orxprojects\hexpatriates\bin\hexpatriatesd.exe
c:\users\zgcrowno\documents\orxprojects\hexpatriates\bin\hexpatriatesd.pdb
c:\users\zgcrowno\documents\orxprojects\hexpatriates\build\windows\vs2017\..\..\..\bin\hexpatriatesd.exe
c:\users\zgcrowno\documents\orxprojects\hexpatriates\build\windows\vs2017\obj\x64\debug\hexpatriates.tlog\cl.327460.write.1.tlog
c:\users\zgcrowno\documents\orxprojects\hexpatriates\build\windows\vs2017\obj\x64\debug\hexpatriates.tlog\cl.command.1.tlog
c:\users\zgcrowno\documents\orxprojects\hexpatriates\build\windows\vs2017\obj\x64\debug\hexpatriates.tlog\cl.read.1.tlog
c:\users\zgcrowno\documents\orxprojects\hexpatriates\build\windows\vs2017\obj\x64\debug\hexpatriates.tlog\link.command.1.tlog
c:\users\zgcrowno\documents\orxprojects\hexpatriates\build\windows\vs2017\obj\x64\debug\hexpatriates.tlog\link.read.1.tlog
c:\users\zgcrowno\documents\orxprojects\hexpatriates\build\windows\vs2017\obj\x64\debug\hexpatriates.tlog\link.write.1.tlog
