  Arena.cpp
  ArenaBound.cpp
  ArenaBounds.cpp
  Beam.cpp
  Crosshairs.cpp
  Ember.cpp
  Explosion.cpp
  Familiar.cpp
  Grenade.cpp
  Hexpatriates.cpp
c:\users\zgcrowno\documents\orxprojects\hexpatriates\build\windows\vs2017\familiar.cpp(9): warning C4244: '=': conversion from 'orxFLOAT' to 'int', possible loss of data
c:\users\zgcrowno\documents\orxprojects\hexpatriates\build\windows\vs2017\familiar.cpp(12): warning C4267: 'initializing': conversion from 'size_t' to 'int', possible loss of data
c:\users\zgcrowno\documents\orxprojects\hexpatriates\build\windows\vs2017\familiar.cpp(15): warning C4267: 'argument': conversion from 'size_t' to 'const int', possible loss of data
  Laser.cpp
c:\users\zgcrowno\documents\orxprojects\hexpatriates\build\windows\vs2017\familiar.cpp(16): warning C4996: 'strcat': This function or variable may be unsafe. Consider using strcat_s instead. To disable deprecation, use _CRT_SECURE_NO_WARNINGS. See online help for details.
  c:\program files (x86)\windows kits\10\include\10.0.17763.0\ucrt\string.h(90): note: see declaration of 'strcat'
c:\users\zgcrowno\documents\orxprojects\hexpatriates\build\windows\vs2017\familiar.cpp(94): warning C4267: 'initializing': conversion from 'size_t' to 'int', possible loss of data
c:\users\zgcrowno\documents\orxprojects\hexpatriates\build\windows\vs2017\familiar.cpp(97): warning C4267: 'argument': conversion from 'size_t' to 'const int', possible loss of data
c:\users\zgcrowno\documents\orxprojects\hexpatriates\build\windows\vs2017\familiar.cpp(98): warning C4996: 'strcat': This function or variable may be unsafe. Consider using strcat_s instead. To disable deprecation, use _CRT_SECURE_NO_WARNINGS. See online help for details.
  c:\program files (x86)\windows kits\10\include\10.0.17763.0\ucrt\string.h(90): note: see declaration of 'strcat'
  LaserGate.cpp
c:\users\zgcrowno\documents\orxprojects\hexpatriates\build\windows\vs2017\grenade.cpp(9): warning C4244: '=': conversion from 'orxFLOAT' to 'int', possible loss of data
  LaserHeatseeking.cpp
  LaserPortalEntrance.cpp
  LaserWall.cpp
  MainMenu.cpp
  MedussaHead.cpp
  Menu.cpp
c:\users\zgcrowno\documents\orxprojects\hexpatriates\build\windows\vs2017\mainmenu.cpp(40): warning C4267: '=': conversion from 'size_t' to 'int', possible loss of data
  Orb.cpp
  Pilot.cpp
  Pilot1.cpp
  Pilot2.cpp
  Pilot3.cpp
c:\users\zgcrowno\documents\orxprojects\hexpatriates\build\windows\vs2017\pilot.cpp(30): warning C4244: '=': conversion from 'orxFLOAT' to 'int', possible loss of data
c:\users\zgcrowno\documents\orxprojects\hexpatriates\build\windows\vs2017\pilot.cpp(33): warning C4244: '=': conversion from 'orxFLOAT' to 'int', possible loss of data
c:\users\zgcrowno\documents\orxprojects\hexpatriates\build\windows\vs2017\pilot.cpp(38): warning C4244: '=': conversion from 'orxFLOAT' to 'int', possible loss of data
c:\users\zgcrowno\documents\orxprojects\hexpatriates\build\windows\vs2017\pilot.cpp(39): warning C4244: '=': conversion from 'orxFLOAT' to 'int', possible loss of data
c:\users\zgcrowno\documents\orxprojects\hexpatriates\build\windows\vs2017\pilot.cpp(40): warning C4244: '=': conversion from 'orxFLOAT' to 'int', possible loss of data
c:\users\zgcrowno\documents\orxprojects\hexpatriates\build\windows\vs2017\pilot.cpp(41): warning C4244: '=': conversion from 'orxFLOAT' to 'int', possible loss of data
c:\users\zgcrowno\documents\orxprojects\hexpatriates\build\windows\vs2017\pilot.cpp(42): warning C4244: '=': conversion from 'orxFLOAT' to 'int', possible loss of data
c:\users\zgcrowno\documents\orxprojects\hexpatriates\build\windows\vs2017\pilot.cpp(43): warning C4244: '=': conversion from 'orxFLOAT' to 'int', possible loss of data
c:\users\zgcrowno\documents\orxprojects\hexpatriates\build\windows\vs2017\pilot.cpp(44): warning C4244: '=': conversion from 'orxFLOAT' to 'int', possible loss of data
c:\users\zgcrowno\documents\orxprojects\hexpatriates\build\windows\vs2017\pilot.cpp(45): warning C4244: '=': conversion from 'orxFLOAT' to 'int', possible loss of data
c:\users\zgcrowno\documents\orxprojects\hexpatriates\build\windows\vs2017\pilot.cpp(46): warning C4244: '=': conversion from 'orxFLOAT' to 'int', possible loss of data
c:\users\zgcrowno\documents\orxprojects\hexpatriates\build\windows\vs2017\pilot.cpp(47): warning C4244: '=': conversion from 'orxFLOAT' to 'int', possible loss of data
c:\users\zgcrowno\documents\orxprojects\hexpatriates\build\windows\vs2017\pilot.cpp(48): warning C4244: '=': conversion from 'orxFLOAT' to 'int', possible loss of data
  Pilot4.cpp
  Pilot5.cpp
  Pilot6.cpp
  Pilot7.cpp
  Pilot8.cpp
  PilotSelectMenu.cpp
c:\users\zgcrowno\documents\orxprojects\hexpatriates\build\windows\vs2017\pilot6.cpp(11): warning C4244: '=': conversion from 'orxFLOAT' to 'int', possible loss of data
c:\users\zgcrowno\documents\orxprojects\hexpatriates\build\windows\vs2017\pilot6.cpp(116): warning C4267: 'initializing': conversion from 'size_t' to 'int', possible loss of data
c:\users\zgcrowno\documents\orxprojects\hexpatriates\build\windows\vs2017\pilot6.cpp(118): warning C4267: 'argument': conversion from 'size_t' to 'const int', possible loss of data
c:\users\zgcrowno\documents\orxprojects\hexpatriates\build\windows\vs2017\pilot6.cpp(156): warning C4267: 'initializing': conversion from 'size_t' to 'int', possible loss of data
c:\users\zgcrowno\documents\orxprojects\hexpatriates\build\windows\vs2017\pilot6.cpp(159): warning C4267: 'argument': conversion from 'size_t' to 'const int', possible loss of data
c:\users\zgcrowno\documents\orxprojects\hexpatriates\build\windows\vs2017\pilot6.cpp(163): warning C4267: '*=': conversion from 'size_t' to 'int', possible loss of data
c:\users\zgcrowno\documents\orxprojects\hexpatriates\build\windows\vs2017\pilot6.cpp(162): warning C4996: 'strcat': This function or variable may be unsafe. Consider using strcat_s instead. To disable deprecation, use _CRT_SECURE_NO_WARNINGS. See online help for details.
  c:\program files (x86)\windows kits\10\include\10.0.17763.0\ucrt\string.h(90): note: see declaration of 'strcat'
  Prism.cpp
  Projectile.cpp
c:\users\zgcrowno\documents\orxprojects\hexpatriates\build\windows\vs2017\pilotselectmenu.cpp(138): warning C4267: '-=': conversion from 'size_t' to 'int', possible loss of data
c:\users\zgcrowno\documents\orxprojects\hexpatriates\build\windows\vs2017\pilotselectmenu.cpp(142): warning C4267: '+=': conversion from 'size_t' to 'int', possible loss of data
c:\users\zgcrowno\documents\orxprojects\hexpatriates\build\windows\vs2017\pilotselectmenu.cpp(167): warning C4267: '-=': conversion from 'size_t' to 'int', possible loss of data
c:\users\zgcrowno\documents\orxprojects\hexpatriates\build\windows\vs2017\pilotselectmenu.cpp(171): warning C4267: '+=': conversion from 'size_t' to 'int', possible loss of data
c:\users\zgcrowno\documents\orxprojects\hexpatriates\build\windows\vs2017\pilotselectmenu.cpp(196): warning C4267: '+=': conversion from 'size_t' to 'int', possible loss of data
c:\users\zgcrowno\documents\orxprojects\hexpatriates\build\windows\vs2017\pilotselectmenu.cpp(225): warning C4267: '-=': conversion from 'size_t' to 'int', possible loss of data
c:\users\zgcrowno\documents\orxprojects\hexpatriates\build\windows\vs2017\pilotselectmenu.cpp(254): warning C4267: '-=': conversion from 'size_t' to 'int', possible loss of data
c:\users\zgcrowno\documents\orxprojects\hexpatriates\build\windows\vs2017\pilotselectmenu.cpp(258): warning C4267: '+=': conversion from 'size_t' to 'int', possible loss of data
c:\users\zgcrowno\documents\orxprojects\hexpatriates\build\windows\vs2017\pilotselectmenu.cpp(283): warning C4267: '-=': conversion from 'size_t' to 'int', possible loss of data
c:\users\zgcrowno\documents\orxprojects\hexpatriates\build\windows\vs2017\pilotselectmenu.cpp(287): warning C4267: '+=': conversion from 'size_t' to 'int', possible loss of data
c:\users\zgcrowno\documents\orxprojects\hexpatriates\build\windows\vs2017\pilotselectmenu.cpp(312): warning C4267: '+=': conversion from 'size_t' to 'int', possible loss of data
c:\users\zgcrowno\documents\orxprojects\hexpatriates\build\windows\vs2017\pilotselectmenu.cpp(341): warning C4267: '-=': conversion from 'size_t' to 'int', possible loss of data
  ScrollMod.cpp
  Ship.cpp
c:\users\zgcrowno\documents\orxprojects\hexpatriates\build\windows\vs2017\prism.cpp(10): warning C4244: '=': conversion from 'orxFLOAT' to 'int', possible loss of data
c:\users\zgcrowno\documents\orxprojects\hexpatriates\build\windows\vs2017\prism.cpp(12): warning C4267: 'initializing': conversion from 'size_t' to 'int', possible loss of data
c:\users\zgcrowno\documents\orxprojects\hexpatriates\build\windows\vs2017\prism.cpp(15): warning C4267: 'argument': conversion from 'size_t' to 'const int', possible loss of data
c:\users\zgcrowno\documents\orxprojects\hexpatriates\build\windows\vs2017\prism.cpp(16): warning C4996: 'strcat': This function or variable may be unsafe. Consider using strcat_s instead. To disable deprecation, use _CRT_SECURE_NO_WARNINGS. See online help for details.
  c:\program files (x86)\windows kits\10\include\10.0.17763.0\ucrt\string.h(90): note: see declaration of 'strcat'
  Shrapnel.cpp
  Spacer.cpp
c:\users\zgcrowno\documents\orxprojects\hexpatriates\build\windows\vs2017\ship.cpp(7): warning C4267: 'initializing': conversion from 'size_t' to 'int', possible loss of data
c:\users\zgcrowno\documents\orxprojects\hexpatriates\build\windows\vs2017\ship.cpp(10): warning C4267: 'argument': conversion from 'size_t' to 'const int', possible loss of data
c:\users\zgcrowno\documents\orxprojects\hexpatriates\build\windows\vs2017\ship.cpp(11): warning C4996: 'strcat': This function or variable may be unsafe. Consider using strcat_s instead. To disable deprecation, use _CRT_SECURE_NO_WARNINGS. See online help for details.
  c:\program files (x86)\windows kits\10\include\10.0.17763.0\ucrt\string.h(90): note: see declaration of 'strcat'
c:\users\zgcrowno\documents\orxprojects\hexpatriates\build\windows\vs2017\ship.cpp(12): warning C4996: 'strcpy': This function or variable may be unsafe. Consider using strcpy_s instead. To disable deprecation, use _CRT_SECURE_NO_WARNINGS. See online help for details.
  c:\program files (x86)\windows kits\10\include\10.0.17763.0\ucrt\string.h(133): note: see declaration of 'strcpy'
c:\users\zgcrowno\documents\orxprojects\hexpatriates\build\windows\vs2017\ship.cpp(13): warning C4996: 'strcat': This function or variable may be unsafe. Consider using strcat_s instead. To disable deprecation, use _CRT_SECURE_NO_WARNINGS. See online help for details.
  c:\program files (x86)\windows kits\10\include\10.0.17763.0\ucrt\string.h(90): note: see declaration of 'strcat'
c:\users\zgcrowno\documents\orxprojects\hexpatriates\build\windows\vs2017\ship.cpp(14): warning C4996: 'strcpy': This function or variable may be unsafe. Consider using strcpy_s instead. To disable deprecation, use _CRT_SECURE_NO_WARNINGS. See online help for details.
  c:\program files (x86)\windows kits\10\include\10.0.17763.0\ucrt\string.h(133): note: see declaration of 'strcpy'
c:\users\zgcrowno\documents\orxprojects\hexpatriates\build\windows\vs2017\ship.cpp(15): warning C4996: 'strcat': This function or variable may be unsafe. Consider using strcat_s instead. To disable deprecation, use _CRT_SECURE_NO_WARNINGS. See online help for details.
  c:\program files (x86)\windows kits\10\include\10.0.17763.0\ucrt\string.h(90): note: see declaration of 'strcat'
c:\users\zgcrowno\documents\orxprojects\hexpatriates\build\windows\vs2017\ship.cpp(16): warning C4996: 'strcpy': This function or variable may be unsafe. Consider using strcpy_s instead. To disable deprecation, use _CRT_SECURE_NO_WARNINGS. See online help for details.
  c:\program files (x86)\windows kits\10\include\10.0.17763.0\ucrt\string.h(133): note: see declaration of 'strcpy'
c:\users\zgcrowno\documents\orxprojects\hexpatriates\build\windows\vs2017\ship.cpp(17): warning C4996: 'strcat': This function or variable may be unsafe. Consider using strcat_s instead. To disable deprecation, use _CRT_SECURE_NO_WARNINGS. See online help for details.
  c:\program files (x86)\windows kits\10\include\10.0.17763.0\ucrt\string.h(90): note: see declaration of 'strcat'
c:\users\zgcrowno\documents\orxprojects\hexpatriates\build\windows\vs2017\scrollmod.cpp(329): warning C4700: uninitialized local variable 'result' used
c:\users\zgcrowno\documents\orxprojects\hexpatriates\build\windows\vs2017\scrollmod.cpp(344): warning C4715: 'hexpatriates::ScrollMod::GetChildByName': not all control paths return a value
c:\users\zgcrowno\documents\orxprojects\hexpatriates\build\windows\vs2017\scrollmod.cpp(358): warning C4715: 'hexpatriates::ScrollMod::GetChildByName': not all control paths return a value
c:\users\zgcrowno\documents\orxprojects\hexpatriates\build\windows\vs2017\scrollmod.cpp(378): warning C4715: 'hexpatriates::ScrollMod::GetBodyPartByName': not all control paths return a value
  Spawner.cpp
  Turret.cpp
  Zone.cpp
  Hexpatriates.vcxproj -> C:\Users\zgcrowno\Documents\OrxProjects\Hexpatriates\build\windows\vs2017\..\..\..\bin\Hexpatriatesd.exe
  C:\Users\zgcrowno\Documents\orx\code\lib\dynamic\orx.dll
  C:\Users\zgcrowno\Documents\orx\code\lib\dynamic\orxd.dll
  C:\Users\zgcrowno\Documents\orx\code\lib\dynamic\orxp.dll
          3 file(s) copied.
