c:\users\zgcrowno\documents\orxprojects\hexpatriates\build\windows\vs2017\obj\x64\profile\arenabounds.obj
c:\users\zgcrowno\documents\orxprojects\hexpatriates\build\windows\vs2017\obj\x64\profile\ember.obj
c:\users\zgcrowno\documents\orxprojects\hexpatriates\build\windows\vs2017\obj\x64\profile\lasergate.obj
c:\users\zgcrowno\documents\orxprojects\hexpatriates\build\windows\vs2017\obj\x64\profile\medussahead.obj
c:\users\zgcrowno\documents\orxprojects\hexpatriates\build\windows\vs2017\obj\x64\profile\missileshield.obj
c:\users\zgcrowno\documents\orxprojects\hexpatriates\build\windows\vs2017\obj\x64\profile\pilot3.obj
c:\users\zgcrowno\documents\orxprojects\hexpatriates\build\windows\vs2017\obj\x64\profile\pilot7.obj
c:\users\zgcrowno\documents\orxprojects\hexpatriates\build\windows\vs2017\obj\x64\profile\scenepause.obj
c:\users\zgcrowno\documents\orxprojects\hexpatriates\build\windows\vs2017\obj\x64\profile\shrapnel.obj
c:\users\zgcrowno\documents\orxprojects\hexpatriates\build\windows\vs2017\obj\x64\profile\hexpatriates.obj
c:\users\zgcrowno\documents\orxprojects\hexpatriates\build\windows\vs2017\obj\x64\profile\turret.obj
c:\users\zgcrowno\documents\orxprojects\hexpatriates\build\windows\vs2017\obj\x64\profile\laserteleportable.obj
c:\users\zgcrowno\documents\orxprojects\hexpatriates\build\windows\vs2017\obj\x64\profile\beam.obj
c:\users\zgcrowno\documents\orxprojects\hexpatriates\build\windows\vs2017\obj\x64\profile\familiar.obj
c:\users\zgcrowno\documents\orxprojects\hexpatriates\build\windows\vs2017\obj\x64\profile\laserwall.obj
c:\users\zgcrowno\documents\orxprojects\hexpatriates\build\windows\vs2017\obj\x64\profile\missile.obj
c:\users\zgcrowno\documents\orxprojects\hexpatriates\build\windows\vs2017\obj\x64\profile\pilot2.obj
c:\users\zgcrowno\documents\orxprojects\hexpatriates\build\windows\vs2017\obj\x64\profile\pilot6.obj
c:\users\zgcrowno\documents\orxprojects\hexpatriates\build\windows\vs2017\obj\x64\profile\scenepilotselect.obj
c:\users\zgcrowno\documents\orxprojects\hexpatriates\build\windows\vs2017\obj\x64\profile\orb.obj
c:\users\zgcrowno\documents\orxprojects\hexpatriates\build\windows\vs2017\obj\x64\profile\scrollmod.obj
c:\users\zgcrowno\documents\orxprojects\hexpatriates\build\windows\vs2017\obj\x64\profile\scenearena.obj
c:\users\zgcrowno\documents\orxprojects\hexpatriates\build\windows\vs2017\obj\x64\profile\explosion.obj
c:\users\zgcrowno\documents\orxprojects\hexpatriates\build\windows\vs2017\obj\x64\profile\laserheatseeking.obj
c:\users\zgcrowno\documents\orxprojects\hexpatriates\build\windows\vs2017\obj\x64\profile\scenemain.obj
c:\users\zgcrowno\documents\orxprojects\hexpatriates\build\windows\vs2017\obj\x64\profile\pilot1.obj
c:\users\zgcrowno\documents\orxprojects\hexpatriates\build\windows\vs2017\obj\x64\profile\pilot4.obj
c:\users\zgcrowno\documents\orxprojects\hexpatriates\build\windows\vs2017\obj\x64\profile\pilot8.obj
c:\users\zgcrowno\documents\orxprojects\hexpatriates\build\windows\vs2017\obj\x64\profile\playerspecific.obj
c:\users\zgcrowno\documents\orxprojects\hexpatriates\build\windows\vs2017\obj\x64\profile\spacer.obj
c:\users\zgcrowno\documents\orxprojects\hexpatriates\build\windows\vs2017\obj\x64\profile\laser.obj
c:\users\zgcrowno\documents\orxprojects\hexpatriates\build\windows\vs2017\obj\x64\profile\pilot.obj
c:\users\zgcrowno\documents\orxprojects\hexpatriates\build\windows\vs2017\obj\x64\profile\arenabound.obj
c:\users\zgcrowno\documents\orxprojects\hexpatriates\build\windows\vs2017\obj\x64\profile\crosshairs.obj
c:\users\zgcrowno\documents\orxprojects\hexpatriates\build\windows\vs2017\obj\x64\profile\grenade.obj
c:\users\zgcrowno\documents\orxprojects\hexpatriates\build\windows\vs2017\obj\x64\profile\laserportalentrance.obj
c:\users\zgcrowno\documents\orxprojects\hexpatriates\build\windows\vs2017\obj\x64\profile\scene.obj
c:\users\zgcrowno\documents\orxprojects\hexpatriates\build\windows\vs2017\obj\x64\profile\parryable.obj
c:\users\zgcrowno\documents\orxprojects\hexpatriates\build\windows\vs2017\obj\x64\profile\pilot5.obj
c:\users\zgcrowno\documents\orxprojects\hexpatriates\build\windows\vs2017\obj\x64\profile\scenemenu.obj
c:\users\zgcrowno\documents\orxprojects\hexpatriates\build\windows\vs2017\obj\x64\profile\prism.obj
c:\users\zgcrowno\documents\orxprojects\hexpatriates\build\windows\vs2017\obj\x64\profile\spawner.obj
c:\users\zgcrowno\documents\orxprojects\hexpatriates\build\windows\vs2017\obj\x64\profile\projectile.obj
c:\users\zgcrowno\documents\orxprojects\hexpatriates\build\windows\vs2017\obj\x64\profile\ship.obj
c:\users\zgcrowno\documents\orxprojects\hexpatriates\build\windows\vs2017\obj\x64\profile\zone.obj
c:\users\zgcrowno\documents\orxprojects\hexpatriates\build\windows\vs2017\obj\x64\profile\vc141.pdb
c:\users\zgcrowno\documents\orxprojects\hexpatriates\bin\hexpatriatesp.exe
c:\users\zgcrowno\documents\orxprojects\hexpatriates\bin\hexpatriatesp.pdb
c:\users\zgcrowno\documents\orxprojects\hexpatriates\build\windows\vs2017\..\..\..\bin\hexpatriatesp.exe
c:\users\zgcrowno\documents\orxprojects\hexpatriates\build\windows\vs2017\obj\x64\profile\hexpatriates.tlog\cl.329732.write.1.tlog
c:\users\zgcrowno\documents\orxprojects\hexpatriates\build\windows\vs2017\obj\x64\profile\hexpatriates.tlog\cl.command.1.tlog
c:\users\zgcrowno\documents\orxprojects\hexpatriates\build\windows\vs2017\obj\x64\profile\hexpatriates.tlog\cl.read.1.tlog
c:\users\zgcrowno\documents\orxprojects\hexpatriates\build\windows\vs2017\obj\x64\profile\hexpatriates.tlog\link.command.1.tlog
c:\users\zgcrowno\documents\orxprojects\hexpatriates\build\windows\vs2017\obj\x64\profile\hexpatriates.tlog\link.read.1.tlog
c:\users\zgcrowno\documents\orxprojects\hexpatriates\build\windows\vs2017\obj\x64\profile\hexpatriates.tlog\link.write.1.tlog
