c:\users\zgcrowno\documents\orxprojects\hexpatriates\build\windows\vs2017\obj\x64\release\laserteleportable.obj
c:\users\zgcrowno\documents\orxprojects\hexpatriates\build\windows\vs2017\obj\x64\release\crosshairs.obj
c:\users\zgcrowno\documents\orxprojects\hexpatriates\build\windows\vs2017\obj\x64\release\grenade.obj
c:\users\zgcrowno\documents\orxprojects\hexpatriates\build\windows\vs2017\obj\x64\release\laserportalentrance.obj
c:\users\zgcrowno\documents\orxprojects\hexpatriates\build\windows\vs2017\obj\x64\release\scene.obj
c:\users\zgcrowno\documents\orxprojects\hexpatriates\build\windows\vs2017\obj\x64\release\pilot1.obj
c:\users\zgcrowno\documents\orxprojects\hexpatriates\build\windows\vs2017\obj\x64\release\pilot4.obj
c:\users\zgcrowno\documents\orxprojects\hexpatriates\build\windows\vs2017\obj\x64\release\pilot8.obj
c:\users\zgcrowno\documents\orxprojects\hexpatriates\build\windows\vs2017\obj\x64\release\playerspecific.obj
c:\users\zgcrowno\documents\orxprojects\hexpatriates\build\windows\vs2017\obj\x64\release\spacer.obj
c:\users\zgcrowno\documents\orxprojects\hexpatriates\build\windows\vs2017\obj\x64\release\laser.obj
c:\users\zgcrowno\documents\orxprojects\hexpatriates\build\windows\vs2017\obj\x64\release\projectile.obj
c:\users\zgcrowno\documents\orxprojects\hexpatriates\build\windows\vs2017\obj\x64\release\ship.obj
c:\users\zgcrowno\documents\orxprojects\hexpatriates\build\windows\vs2017\obj\x64\release\arenabounds.obj
c:\users\zgcrowno\documents\orxprojects\hexpatriates\build\windows\vs2017\obj\x64\release\ember.obj
c:\users\zgcrowno\documents\orxprojects\hexpatriates\build\windows\vs2017\obj\x64\release\lasergate.obj
c:\users\zgcrowno\documents\orxprojects\hexpatriates\build\windows\vs2017\obj\x64\release\scenemain.obj
c:\users\zgcrowno\documents\orxprojects\hexpatriates\build\windows\vs2017\obj\x64\release\parryable.obj
c:\users\zgcrowno\documents\orxprojects\hexpatriates\build\windows\vs2017\obj\x64\release\pilot5.obj
c:\users\zgcrowno\documents\orxprojects\hexpatriates\build\windows\vs2017\obj\x64\release\scenemenu.obj
c:\users\zgcrowno\documents\orxprojects\hexpatriates\build\windows\vs2017\obj\x64\release\prism.obj
c:\users\zgcrowno\documents\orxprojects\hexpatriates\build\windows\vs2017\obj\x64\release\spawner.obj
c:\users\zgcrowno\documents\orxprojects\hexpatriates\build\windows\vs2017\obj\x64\release\pilot.obj
c:\users\zgcrowno\documents\orxprojects\hexpatriates\build\windows\vs2017\obj\x64\release\scenearena.obj
c:\users\zgcrowno\documents\orxprojects\hexpatriates\build\windows\vs2017\obj\x64\release\familiar.obj
c:\users\zgcrowno\documents\orxprojects\hexpatriates\build\windows\vs2017\obj\x64\release\laserwall.obj
c:\users\zgcrowno\documents\orxprojects\hexpatriates\build\windows\vs2017\obj\x64\release\missile.obj
c:\users\zgcrowno\documents\orxprojects\hexpatriates\build\windows\vs2017\obj\x64\release\pilot2.obj
c:\users\zgcrowno\documents\orxprojects\hexpatriates\build\windows\vs2017\obj\x64\release\pilot6.obj
c:\users\zgcrowno\documents\orxprojects\hexpatriates\build\windows\vs2017\obj\x64\release\scenepilotselect.obj
c:\users\zgcrowno\documents\orxprojects\hexpatriates\build\windows\vs2017\obj\x64\release\orb.obj
c:\users\zgcrowno\documents\orxprojects\hexpatriates\build\windows\vs2017\obj\x64\release\scrollmod.obj
c:\users\zgcrowno\documents\orxprojects\hexpatriates\build\windows\vs2017\obj\x64\release\arenabound.obj
c:\users\zgcrowno\documents\orxprojects\hexpatriates\build\windows\vs2017\obj\x64\release\beam.obj
c:\users\zgcrowno\documents\orxprojects\hexpatriates\build\windows\vs2017\obj\x64\release\explosion.obj
c:\users\zgcrowno\documents\orxprojects\hexpatriates\build\windows\vs2017\obj\x64\release\laserheatseeking.obj
c:\users\zgcrowno\documents\orxprojects\hexpatriates\build\windows\vs2017\obj\x64\release\medussahead.obj
c:\users\zgcrowno\documents\orxprojects\hexpatriates\build\windows\vs2017\obj\x64\release\missileshield.obj
c:\users\zgcrowno\documents\orxprojects\hexpatriates\build\windows\vs2017\obj\x64\release\pilot3.obj
c:\users\zgcrowno\documents\orxprojects\hexpatriates\build\windows\vs2017\obj\x64\release\pilot7.obj
c:\users\zgcrowno\documents\orxprojects\hexpatriates\build\windows\vs2017\obj\x64\release\scenepause.obj
c:\users\zgcrowno\documents\orxprojects\hexpatriates\build\windows\vs2017\obj\x64\release\shrapnel.obj
c:\users\zgcrowno\documents\orxprojects\hexpatriates\build\windows\vs2017\obj\x64\release\hexpatriates.obj
c:\users\zgcrowno\documents\orxprojects\hexpatriates\build\windows\vs2017\obj\x64\release\turret.obj
c:\users\zgcrowno\documents\orxprojects\hexpatriates\build\windows\vs2017\obj\x64\release\zone.obj
c:\users\zgcrowno\documents\orxprojects\hexpatriates\build\windows\vs2017\obj\x64\release\vc141.pdb
c:\users\zgcrowno\documents\orxprojects\hexpatriates\build\windows\vs2017\obj\x64\release\hexpatriates.tlog\cl.318808.write.1.tlog
c:\users\zgcrowno\documents\orxprojects\hexpatriates\build\windows\vs2017\obj\x64\release\hexpatriates.tlog\cl.command.1.tlog
c:\users\zgcrowno\documents\orxprojects\hexpatriates\build\windows\vs2017\obj\x64\release\hexpatriates.tlog\cl.read.1.tlog
c:\users\zgcrowno\documents\orxprojects\hexpatriates\build\windows\vs2017\obj\x64\release\hexpatriates.tlog\link.command.1.tlog
c:\users\zgcrowno\documents\orxprojects\hexpatriates\build\windows\vs2017\obj\x64\release\hexpatriates.tlog\link.read.1.tlog
c:\users\zgcrowno\documents\orxprojects\hexpatriates\build\windows\vs2017\obj\x64\release\hexpatriates.tlog\link.write.1.tlog
