  LaserTeleportable.cpp
  SceneArena.cpp
  ArenaBound.cpp
  ArenaBounds.cpp
  Beam.cpp
  Crosshairs.cpp
  Ember.cpp
  Explosion.cpp
  Familiar.cpp
  Grenade.cpp
  LaserGate.cpp
  LaserHeatseeking.cpp
c:\users\zgcrowno\documents\orxprojects\hexpatriates\build\windows\vs2017\familiar.cpp(9): warning C4244: '=': conversion from 'orxFLOAT' to 'int', possible loss of data
c:\users\zgcrowno\documents\orxprojects\hexpatriates\build\windows\vs2017\familiar.cpp(35): warning C4541: 'dynamic_cast' used on polymorphic type 'ScrollObject' with /GR-; unpredictable behavior may result
c:\users\zgcrowno\documents\orxprojects\hexpatriates\build\windows\vs2017\grenade.cpp(10): warning C4244: '=': conversion from 'orxFLOAT' to 'int', possible loss of data
c:\users\zgcrowno\documents\orxprojects\hexpatriates\build\windows\vs2017\grenade.cpp(35): warning C4541: 'dynamic_cast' used on polymorphic type 'ScrollObject' with /GR-; unpredictable behavior may result
c:\users\zgcrowno\documents\orxprojects\hexpatriates\build\windows\vs2017\lasergate.cpp(40): warning C4541: 'dynamic_cast' used on polymorphic type 'ScrollObject' with /GR-; unpredictable behavior may result
  LaserPortalEntrance.cpp
  LaserWall.cpp
  SceneMain.cpp
  MedussaHead.cpp
c:\users\zgcrowno\documents\orxprojects\hexpatriates\build\windows\vs2017\laserportalentrance.cpp(27): warning C4541: 'dynamic_cast' used on polymorphic type 'ScrollObject' with /GR-; unpredictable behavior may result
  Scene.cpp
c:\users\zgcrowno\documents\orxprojects\hexpatriates\build\windows\vs2017\scenemain.cpp(39): warning C4267: '=': conversion from 'size_t' to 'int', possible loss of data
  Missile.cpp
  MissileShield.cpp
  Parryable.cpp
  Pilot1.cpp
  Pilot2.cpp
  Pilot3.cpp
c:\users\zgcrowno\documents\orxprojects\hexpatriates\build\windows\vs2017\parryable.cpp(31): warning C4541: 'dynamic_cast' used on polymorphic type 'ScrollObject' with /GR-; unpredictable behavior may result
  Pilot4.cpp
  Pilot5.cpp
  Pilot6.cpp
  Pilot7.cpp
c:\users\zgcrowno\documents\orxprojects\hexpatriates\build\windows\vs2017\pilot6.cpp(11): warning C4244: '=': conversion from 'orxFLOAT' to 'int', possible loss of data
c:\users\zgcrowno\documents\orxprojects\hexpatriates\build\windows\vs2017\pilot6.cpp(38): warning C4541: 'dynamic_cast' used on polymorphic type 'ScrollObject' with /GR-; unpredictable behavior may result
c:\users\zgcrowno\documents\orxprojects\hexpatriates\build\windows\vs2017\pilot6.cpp(46): warning C4541: 'dynamic_cast' used on polymorphic type 'ScrollObject' with /GR-; unpredictable behavior may result
c:\users\zgcrowno\documents\orxprojects\hexpatriates\build\windows\vs2017\pilot6.cpp(154): warning C4267: '*=': conversion from 'size_t' to 'int', possible loss of data
  Pilot8.cpp
  SceneMenu.cpp
  ScenePause.cpp
  ScenePilotSelect.cpp
  PlayerSpecific.cpp
c:\users\zgcrowno\documents\orxprojects\hexpatriates\build\windows\vs2017\scenepause.cpp(40): warning C4267: '=': conversion from 'size_t' to 'int', possible loss of data
c:\users\zgcrowno\documents\orxprojects\hexpatriates\build\windows\vs2017\scenepause.cpp(71): warning C4541: 'dynamic_cast' used on polymorphic type 'ScrollObject' with /GR-; unpredictable behavior may result
  Prism.cpp
  Shrapnel.cpp
c:\users\zgcrowno\documents\orxprojects\hexpatriates\build\windows\vs2017\playerspecific.cpp(7): warning C4267: 'initializing': conversion from 'size_t' to 'int', possible loss of data
c:\users\zgcrowno\documents\orxprojects\hexpatriates\build\windows\vs2017\scenepilotselect.cpp(68): warning C4267: '-=': conversion from 'size_t' to 'int', possible loss of data
c:\users\zgcrowno\documents\orxprojects\hexpatriates\build\windows\vs2017\scenepilotselect.cpp(72): warning C4267: '+=': conversion from 'size_t' to 'int', possible loss of data
c:\users\zgcrowno\documents\orxprojects\hexpatriates\build\windows\vs2017\scenepilotselect.cpp(97): warning C4267: '-=': conversion from 'size_t' to 'int', possible loss of data
c:\users\zgcrowno\documents\orxprojects\hexpatriates\build\windows\vs2017\scenepilotselect.cpp(101): warning C4267: '+=': conversion from 'size_t' to 'int', possible loss of data
c:\users\zgcrowno\documents\orxprojects\hexpatriates\build\windows\vs2017\scenepilotselect.cpp(126): warning C4267: '+=': conversion from 'size_t' to 'int', possible loss of data
c:\users\zgcrowno\documents\orxprojects\hexpatriates\build\windows\vs2017\scenepilotselect.cpp(155): warning C4267: '-=': conversion from 'size_t' to 'int', possible loss of data
c:\users\zgcrowno\documents\orxprojects\hexpatriates\build\windows\vs2017\scenepilotselect.cpp(184): warning C4267: '-=': conversion from 'size_t' to 'int', possible loss of data
c:\users\zgcrowno\documents\orxprojects\hexpatriates\build\windows\vs2017\scenepilotselect.cpp(188): warning C4267: '+=': conversion from 'size_t' to 'int', possible loss of data
c:\users\zgcrowno\documents\orxprojects\hexpatriates\build\windows\vs2017\scenepilotselect.cpp(213): warning C4267: '-=': conversion from 'size_t' to 'int', possible loss of data
c:\users\zgcrowno\documents\orxprojects\hexpatriates\build\windows\vs2017\scenepilotselect.cpp(217): warning C4267: '+=': conversion from 'size_t' to 'int', possible loss of data
c:\users\zgcrowno\documents\orxprojects\hexpatriates\build\windows\vs2017\scenepilotselect.cpp(242): warning C4267: '+=': conversion from 'size_t' to 'int', possible loss of data
c:\users\zgcrowno\documents\orxprojects\hexpatriates\build\windows\vs2017\scenepilotselect.cpp(271): warning C4267: '-=': conversion from 'size_t' to 'int', possible loss of data
  Spacer.cpp
c:\users\zgcrowno\documents\orxprojects\hexpatriates\build\windows\vs2017\prism.cpp(10): warning C4244: '=': conversion from 'orxFLOAT' to 'int', possible loss of data
c:\users\zgcrowno\documents\orxprojects\hexpatriates\build\windows\vs2017\prism.cpp(35): warning C4541: 'dynamic_cast' used on polymorphic type 'ScrollObject' with /GR-; unpredictable behavior may result
  Spawner.cpp
  Hexpatriates.cpp
  Laser.cpp
  Orb.cpp
c:\users\zgcrowno\documents\orxprojects\hexpatriates\build\windows\vs2017\laser.cpp(32): warning C4541: 'dynamic_cast' used on polymorphic type 'ScrollObject' with /GR-; unpredictable behavior may result
c:\users\zgcrowno\documents\orxprojects\hexpatriates\build\windows\vs2017\laser.cpp(43): warning C4541: 'dynamic_cast' used on polymorphic type 'ScrollObject' with /GR-; unpredictable behavior may result
  Pilot.cpp
  Projectile.cpp
  ScrollMod.cpp
c:\users\zgcrowno\documents\orxprojects\hexpatriates\build\windows\vs2017\projectile.cpp(37): warning C4541: 'dynamic_cast' used on polymorphic type 'ScrollObject' with /GR-; unpredictable behavior may result
c:\users\zgcrowno\documents\orxprojects\hexpatriates\build\windows\vs2017\pilot.cpp(37): warning C4244: '=': conversion from 'orxFLOAT' to 'int', possible loss of data
c:\users\zgcrowno\documents\orxprojects\hexpatriates\build\windows\vs2017\pilot.cpp(40): warning C4244: '=': conversion from 'orxFLOAT' to 'int', possible loss of data
c:\users\zgcrowno\documents\orxprojects\hexpatriates\build\windows\vs2017\pilot.cpp(45): warning C4244: '=': conversion from 'orxFLOAT' to 'int', possible loss of data
c:\users\zgcrowno\documents\orxprojects\hexpatriates\build\windows\vs2017\pilot.cpp(46): warning C4244: '=': conversion from 'orxFLOAT' to 'int', possible loss of data
c:\users\zgcrowno\documents\orxprojects\hexpatriates\build\windows\vs2017\pilot.cpp(47): warning C4244: '=': conversion from 'orxFLOAT' to 'int', possible loss of data
c:\users\zgcrowno\documents\orxprojects\hexpatriates\build\windows\vs2017\pilot.cpp(48): warning C4244: '=': conversion from 'orxFLOAT' to 'int', possible loss of data
c:\users\zgcrowno\documents\orxprojects\hexpatriates\build\windows\vs2017\pilot.cpp(49): warning C4244: '=': conversion from 'orxFLOAT' to 'int', possible loss of data
c:\users\zgcrowno\documents\orxprojects\hexpatriates\build\windows\vs2017\pilot.cpp(50): warning C4244: '=': conversion from 'orxFLOAT' to 'int', possible loss of data
c:\users\zgcrowno\documents\orxprojects\hexpatriates\build\windows\vs2017\pilot.cpp(51): warning C4244: '=': conversion from 'orxFLOAT' to 'int', possible loss of data
c:\users\zgcrowno\documents\orxprojects\hexpatriates\build\windows\vs2017\pilot.cpp(52): warning C4244: '=': conversion from 'orxFLOAT' to 'int', possible loss of data
c:\users\zgcrowno\documents\orxprojects\hexpatriates\build\windows\vs2017\pilot.cpp(146): warning C4541: 'dynamic_cast' used on polymorphic type 'ScrollObject' with /GR-; unpredictable behavior may result
c:\users\zgcrowno\documents\orxprojects\hexpatriates\build\windows\vs2017\pilot.cpp(149): warning C4541: 'dynamic_cast' used on polymorphic type 'ScrollObject' with /GR-; unpredictable behavior may result
c:\users\zgcrowno\documents\orxprojects\hexpatriates\build\windows\vs2017\pilot.cpp(153): warning C4541: 'dynamic_cast' used on polymorphic type 'ScrollObject' with /GR-; unpredictable behavior may result
c:\users\zgcrowno\documents\orxprojects\hexpatriates\build\windows\vs2017\pilot.cpp(163): warning C4541: 'dynamic_cast' used on polymorphic type 'ScrollObject' with /GR-; unpredictable behavior may result
c:\users\zgcrowno\documents\orxprojects\hexpatriates\build\windows\vs2017\pilot.cpp(202): warning C4541: 'dynamic_cast' used on polymorphic type 'ScrollObject' with /GR-; unpredictable behavior may result
c:\users\zgcrowno\documents\orxprojects\hexpatriates\build\windows\vs2017\pilot.cpp(232): warning C4541: 'dynamic_cast' used on polymorphic type 'ScrollObject' with /GR-; unpredictable behavior may result
c:\users\zgcrowno\documents\orxprojects\hexpatriates\build\windows\vs2017\pilot.cpp(691): warning C4267: 'initializing': conversion from 'size_t' to 'int', possible loss of data
  Ship.cpp
  Turret.cpp
c:\users\zgcrowno\documents\orxprojects\hexpatriates\build\windows\vs2017\scrollmod.cpp(23): warning C4018: '<': signed/unsigned mismatch
c:\users\zgcrowno\documents\orxprojects\hexpatriates\build\windows\vs2017\scrollmod.cpp(38): warning C4018: '<': signed/unsigned mismatch
c:\users\zgcrowno\documents\orxprojects\hexpatriates\build\windows\vs2017\scrollmod.cpp(582): warning C4700: uninitialized local variable 'result' used
c:\users\zgcrowno\documents\orxprojects\hexpatriates\build\windows\vs2017\scrollmod.cpp(597): warning C4715: 'hexpatriates::ScrollMod::GetChildByName': not all control paths return a value
c:\users\zgcrowno\documents\orxprojects\hexpatriates\build\windows\vs2017\scrollmod.cpp(631): warning C4715: 'hexpatriates::ScrollMod::GetBodyPartByName': not all control paths return a value
c:\users\zgcrowno\documents\orxprojects\hexpatriates\build\windows\vs2017\scrollmod.cpp(611): warning C4715: 'hexpatriates::ScrollMod::GetChildByName': not all control paths return a value
c:\users\zgcrowno\documents\orxprojects\hexpatriates\build\windows\vs2017\ship.cpp(9): warning C4267: 'initializing': conversion from 'size_t' to 'int', possible loss of data
c:\users\zgcrowno\documents\orxprojects\hexpatriates\build\windows\vs2017\turret.cpp(34): warning C4541: 'dynamic_cast' used on polymorphic type 'ScrollObject' with /GR-; unpredictable behavior may result
  Zone.cpp
LINK : fatal error LNK1181: cannot open input file 'orx.lib'
